<?xml version="1.0" encoding="UTF-8"?>
<!-- Generated by org.testng.reporters.JUnitReportReporter -->
<testsuite hostname="DESKTOP-BV911F2" failures="0" tests="1" name="SeleniumDemo.SeleniumDemo.DemoSelenium" time="0.022" errors="0" timestamp="2020-10-31T08:56:16 IST" skipped="0">
  <testcase classname="SeleniumDemo.SeleniumDemo.DemoSelenium" name="tearDown" time="0.022"/>
</testsuite> <!-- SeleniumDemo.SeleniumDemo.DemoSelenium -->
